INFO 2020-07-08 20:36:55,237 autoreload 598 Watching for file changes with StatReloader
INFO 2020-07-08 21:17:05,946 autoreload 598 Watching for file changes with StatReloader
INFO 2020-07-08 21:17:48,032 basehttp 157 "GET / HTTP/1.1" 200 16351
INFO 2020-07-08 21:17:48,107 basehttp 157 "GET /static/admin/css/fonts.css HTTP/1.1" 200 423
INFO 2020-07-08 21:17:48,623 basehttp 157 "GET /static/admin/fonts/Roboto-Regular-webfont.woff HTTP/1.1" 200 85876
INFO 2020-07-08 21:17:48,650 basehttp 157 "GET /static/admin/fonts/Roboto-Bold-webfont.woff HTTP/1.1" 200 86184
INFO 2020-07-08 21:17:48,714 basehttp 157 "GET /static/admin/fonts/Roboto-Light-webfont.woff HTTP/1.1" 200 85692
WARNING 2020-07-08 21:17:48,862 log 228 Not Found: /favicon.ico
WARNING 2020-07-08 21:17:48,868 basehttp 157 "GET /favicon.ico HTTP/1.1" 404 1982
WARNING 2020-07-08 21:18:58,769 log 228 Not Found: /home
WARNING 2020-07-08 21:18:58,778 basehttp 157 "GET /home HTTP/1.1" 404 1961
WARNING 2020-07-08 21:19:51,592 log 228 Not Found: /home
WARNING 2020-07-08 21:19:51,601 basehttp 157 "GET /home HTTP/1.1" 404 1961
WARNING 2020-07-08 21:19:51,773 log 228 Not Found: /favicon.ico
WARNING 2020-07-08 21:19:51,782 basehttp 157 "GET /favicon.ico HTTP/1.1" 404 1982
INFO 2020-07-08 21:19:57,786 basehttp 157 "GET / HTTP/1.1" 200 16351
INFO 2020-07-08 21:19:57,855 basehttp 157 "GET /static/admin/css/fonts.css HTTP/1.1" 200 423
INFO 2020-07-08 21:19:57,935 basehttp 157 "GET /static/admin/fonts/Roboto-Bold-webfont.woff HTTP/1.1" 200 86184
INFO 2020-07-08 21:19:57,967 basehttp 157 "GET /static/admin/fonts/Roboto-Regular-webfont.woff HTTP/1.1" 200 85876
INFO 2020-07-08 21:19:57,990 basehttp 157 "GET /static/admin/fonts/Roboto-Light-webfont.woff HTTP/1.1" 200 85692
WARNING 2020-07-08 21:37:05,040 log 228 Not Found: /home/banner/
WARNING 2020-07-08 21:37:05,048 basehttp 157 "GET /home/banner/ HTTP/1.1" 404 1985
WARNING 2020-07-08 21:37:09,465 log 228 Not Found: /home/banner/
WARNING 2020-07-08 21:37:09,472 basehttp 157 "GET /home/banner/ HTTP/1.1" 404 1985
WARNING 2020-07-08 21:37:55,271 log 228 Not Found: /home/banner/
WARNING 2020-07-08 21:37:55,280 basehttp 157 "GET /home/banner/ HTTP/1.1" 404 1985
WARNING 2020-07-08 21:39:15,667 log 228 Not Found: /home/banner/
WARNING 2020-07-08 21:39:15,679 basehttp 157 "GET /home/banner/ HTTP/1.1" 404 1985
WARNING 2020-07-08 21:39:24,679 log 228 Not Found: /home/banner/
WARNING 2020-07-08 21:39:24,688 basehttp 157 "GET /home/banner/ HTTP/1.1" 404 1985
WARNING 2020-07-08 21:39:52,555 log 228 Not Found: /home/banner/
WARNING 2020-07-08 21:39:52,568 basehttp 157 "GET /home/banner/ HTTP/1.1" 404 1985
WARNING 2020-07-08 21:41:11,379 log 228 Not Found: /home/banner/
WARNING 2020-07-08 21:41:11,387 basehttp 157 "GET /home/banner/ HTTP/1.1" 404 1985
WARNING 2020-07-08 21:41:16,886 log 228 Not Found: /home/banner/
WARNING 2020-07-08 21:41:16,889 basehttp 157 "GET /home/banner/ HTTP/1.1" 404 1985
WARNING 2020-07-08 21:41:34,732 log 228 Not Found: /home/banner/
WARNING 2020-07-08 21:41:34,740 basehttp 157 "GET /home/banner/ HTTP/1.1" 404 1985
WARNING 2020-07-08 21:41:37,069 log 228 Not Found: /home/banner/
WARNING 2020-07-08 21:41:37,077 basehttp 157 "GET /home/banner/ HTTP/1.1" 404 1985
WARNING 2020-07-08 21:44:28,415 log 228 Not Found: /home/banner/
WARNING 2020-07-08 21:44:28,423 basehttp 157 "GET /home/banner/ HTTP/1.1" 404 1985
INFO 2020-07-08 21:48:59,000 autoreload 222 G:\Django\baizhi\edu_api\edu_api\settings\develop.py changed, reloading.
INFO 2020-07-08 21:49:04,495 autoreload 598 Watching for file changes with StatReloader
INFO 2020-07-08 21:49:13,408 autoreload 222 G:\Django\baizhi\edu_api\edu_api\settings\develop.py changed, reloading.
INFO 2020-07-08 21:49:20,395 autoreload 598 Watching for file changes with StatReloader
INFO 2020-07-08 21:49:48,956 autoreload 222 G:\Django\baizhi\edu_api\edu_api\urls.py changed, reloading.
INFO 2020-07-08 21:49:54,163 autoreload 598 Watching for file changes with StatReloader
INFO 2020-07-08 21:50:00,325 autoreload 222 G:\Django\baizhi\edu_api\edu_api\urls.py changed, reloading.
INFO 2020-07-08 21:50:06,747 autoreload 598 Watching for file changes with StatReloader
INFO 2020-07-08 21:50:26,385 autoreload 598 Watching for file changes with StatReloader
INFO 2020-07-08 21:50:33,753 autoreload 222 G:\Django\baizhi\edu_api\edu_api\urls.py changed, reloading.
INFO 2020-07-08 21:50:38,982 autoreload 598 Watching for file changes with StatReloader
INFO 2020-07-08 21:51:45,710 autoreload 222 G:\Django\baizhi\edu_api\edu_api\apps\home\models.py changed, reloading.
INFO 2020-07-08 21:51:52,359 autoreload 598 Watching for file changes with StatReloader
INFO 2020-07-08 21:52:24,030 autoreload 598 Watching for file changes with StatReloader
INFO 2020-07-08 21:59:31,546 autoreload 222 G:\new_env\new_env\Lib\site-packages\django\apps\config.py changed, reloading.
INFO 2020-07-08 22:18:48,305 basehttp 124 "GET /xadmin/ HTTP/1.1" 200 4167
INFO 2020-07-08 22:18:48,402 basehttp 124 "GET /static/xadmin/vendor/font-awesome/css/font-awesome.css HTTP/1.1" 200 21658
INFO 2020-07-08 22:18:48,403 basehttp 124 "GET /static/xadmin/css/themes/bootstrap-xadmin.css HTTP/1.1" 200 1888
INFO 2020-07-08 22:18:48,422 basehttp 124 "GET /static/xadmin/vendor/bootstrap/css/bootstrap.css HTTP/1.1" 200 126432
INFO 2020-07-08 22:18:48,445 basehttp 124 "GET /static/xadmin/css/xadmin.main.css HTTP/1.1" 200 8376
INFO 2020-07-08 22:18:48,478 basehttp 124 "GET /static/xadmin/css/xadmin.plugins.css HTTP/1.1" 200 175
INFO 2020-07-08 22:18:48,485 basehttp 124 "GET /static/xadmin/css/xadmin.responsive.css HTTP/1.1" 200 4361
INFO 2020-07-08 22:18:48,556 basehttp 124 "GET /xadmin/jsi18n/ HTTP/1.1" 200 4174
INFO 2020-07-08 22:18:48,562 basehttp 124 "GET /static/xadmin/vendor/jquery-ui/jquery.ui.core.js HTTP/1.1" 200 8195
INFO 2020-07-08 22:18:48,582 basehttp 124 "GET /static/xadmin/vendor/jquery/jquery.js HTTP/1.1" 200 240196
INFO 2020-07-08 22:18:48,591 basehttp 124 "GET /static/xadmin/vendor/jquery-ui/jquery.ui.widget.js HTTP/1.1" 200 15069
INFO 2020-07-08 22:18:48,596 basehttp 124 "GET /static/xadmin/vendor/jquery-ui/jquery.ui.sortable.js HTTP/1.1" 200 42543
INFO 2020-07-08 22:18:48,597 basehttp 124 "GET /static/xadmin/vendor/jquery-ui/jquery.ui.mouse.js HTTP/1.1" 200 4561
INFO 2020-07-08 22:18:48,631 basehttp 124 "GET /static/xadmin/js/xadmin.responsive.js HTTP/1.1" 200 4165
INFO 2020-07-08 22:18:48,634 basehttp 124 "GET /static/xadmin/js/xadmin.main.js HTTP/1.1" 200 3401
INFO 2020-07-08 22:18:48,666 basehttp 124 "GET /static/xadmin/vendor/bootstrap/js/bootstrap.js HTTP/1.1" 200 58327
INFO 2020-07-08 22:18:49,014 basehttp 124 "GET /static/xadmin/vendor/font-awesome/fonts/fontawesome-webfont.woff?v=4.0.3 HTTP/1.1" 200 44432
INFO 2020-07-08 22:18:56,241 basehttp 124 "POST /xadmin/ HTTP/1.1" 302 0
INFO 2020-07-08 22:18:56,497 basehttp 124 "GET /xadmin/ HTTP/1.1" 200 9843
INFO 2020-07-08 22:18:56,563 basehttp 124 "GET /static/xadmin/css/xadmin.page.dashboard.css HTTP/1.1" 200 790
INFO 2020-07-08 22:18:56,582 basehttp 124 "GET /static/xadmin/js/xadmin.plugin.portal.js HTTP/1.1" 200 1000
INFO 2020-07-08 22:18:56,590 basehttp 124 "GET /xadmin/jsi18n/ HTTP/1.1" 200 3185
INFO 2020-07-08 22:18:56,592 basehttp 124 "GET /static/xadmin/js/xadmin.page.dashboard.js HTTP/1.1" 200 3208
INFO 2020-07-08 22:20:26,752 basehttp 124 "GET /xadmin/ HTTP/1.1" 200 9832
INFO 2020-07-08 22:20:26,828 basehttp 124 "GET /static/xadmin/vendor/bootstrap/css/bootstrap.css HTTP/1.1" 304 0
INFO 2020-07-08 22:20:26,874 basehttp 124 "GET /static/xadmin/css/xadmin.main.css HTTP/1.1" 304 0
INFO 2020-07-08 22:20:26,880 basehttp 124 "GET /static/xadmin/vendor/font-awesome/css/font-awesome.css HTTP/1.1" 304 0
INFO 2020-07-08 22:20:26,881 basehttp 124 "GET /static/xadmin/css/xadmin.plugins.css HTTP/1.1" 304 0
INFO 2020-07-08 22:20:26,881 basehttp 124 "GET /static/xadmin/css/themes/bootstrap-xadmin.css HTTP/1.1" 304 0
INFO 2020-07-08 22:20:26,889 basehttp 124 "GET /static/xadmin/css/xadmin.responsive.css HTTP/1.1" 304 0
INFO 2020-07-08 22:20:26,917 basehttp 124 "GET /static/xadmin/css/xadmin.page.dashboard.css HTTP/1.1" 304 0
INFO 2020-07-08 22:20:26,921 basehttp 124 "GET /static/xadmin/vendor/jquery-ui/jquery.ui.core.js HTTP/1.1" 304 0
INFO 2020-07-08 22:20:26,932 basehttp 124 "GET /static/xadmin/vendor/jquery-ui/jquery.ui.widget.js HTTP/1.1" 304 0
INFO 2020-07-08 22:20:26,932 basehttp 124 "GET /static/xadmin/vendor/jquery-ui/jquery.ui.mouse.js HTTP/1.1" 304 0
INFO 2020-07-08 22:20:26,948 basehttp 124 "GET /xadmin/jsi18n/ HTTP/1.1" 200 7684
INFO 2020-07-08 22:20:26,964 basehttp 124 "GET /static/xadmin/js/xadmin.responsive.js HTTP/1.1" 304 0
INFO 2020-07-08 22:20:26,965 basehttp 124 "GET /static/xadmin/vendor/jquery-ui/jquery.ui.sortable.js HTTP/1.1" 304 0
INFO 2020-07-08 22:20:26,989 basehttp 124 "GET /static/xadmin/vendor/jquery/jquery.js HTTP/1.1" 304 0
INFO 2020-07-08 22:20:26,995 basehttp 124 "GET /static/xadmin/vendor/bootstrap/js/bootstrap.js HTTP/1.1" 304 0
INFO 2020-07-08 22:20:26,996 basehttp 124 "GET /static/xadmin/js/xadmin.page.dashboard.js HTTP/1.1" 304 0
INFO 2020-07-08 22:20:27,008 basehttp 124 "GET /static/xadmin/js/xadmin.main.js HTTP/1.1" 304 0
INFO 2020-07-08 22:20:27,031 basehttp 124 "GET /static/xadmin/js/xadmin.plugin.portal.js HTTP/1.1" 304 0
INFO 2020-07-08 22:23:00,793 basehttp 124 "GET /xadmin/ HTTP/1.1" 200 9832
INFO 2020-07-08 22:23:00,881 basehttp 124 "GET /static/xadmin/vendor/bootstrap/css/bootstrap.css HTTP/1.1" 304 0
INFO 2020-07-08 22:23:00,930 basehttp 124 "GET /static/xadmin/css/themes/bootstrap-xadmin.css HTTP/1.1" 304 0
INFO 2020-07-08 22:23:00,963 basehttp 124 "GET /static/xadmin/css/xadmin.responsive.css HTTP/1.1" 304 0
INFO 2020-07-08 22:23:00,965 basehttp 124 "GET /static/xadmin/css/xadmin.plugins.css HTTP/1.1" 304 0
INFO 2020-07-08 22:23:00,993 basehttp 124 "GET /static/xadmin/css/xadmin.main.css HTTP/1.1" 304 0
INFO 2020-07-08 22:23:00,999 basehttp 124 "GET /static/xadmin/vendor/font-awesome/css/font-awesome.css HTTP/1.1" 304 0
INFO 2020-07-08 22:23:01,009 basehttp 124 "GET /static/xadmin/css/xadmin.page.dashboard.css HTTP/1.1" 304 0
INFO 2020-07-08 22:23:01,039 basehttp 124 "GET /static/xadmin/vendor/jquery/jquery.js HTTP/1.1" 304 0
INFO 2020-07-08 22:23:01,106 basehttp 124 "GET /static/xadmin/vendor/jquery-ui/jquery.ui.core.js HTTP/1.1" 304 0
INFO 2020-07-08 22:23:01,116 basehttp 124 "GET /xadmin/jsi18n/ HTTP/1.1" 200 7684
INFO 2020-07-08 22:23:01,123 basehttp 124 "GET /static/xadmin/vendor/jquery-ui/jquery.ui.widget.js HTTP/1.1" 304 0
INFO 2020-07-08 22:23:01,165 basehttp 124 "GET /static/xadmin/vendor/jquery-ui/jquery.ui.sortable.js HTTP/1.1" 304 0
INFO 2020-07-08 22:23:01,167 basehttp 124 "GET /static/xadmin/vendor/jquery-ui/jquery.ui.mouse.js HTTP/1.1" 304 0
INFO 2020-07-08 22:23:01,203 basehttp 124 "GET /static/xadmin/vendor/bootstrap/js/bootstrap.js HTTP/1.1" 304 0
INFO 2020-07-08 22:23:01,216 basehttp 124 "GET /static/xadmin/js/xadmin.responsive.js HTTP/1.1" 304 0
INFO 2020-07-08 22:23:01,238 basehttp 124 "GET /static/xadmin/js/xadmin.page.dashboard.js HTTP/1.1" 304 0
INFO 2020-07-08 22:23:01,240 basehttp 124 "GET /static/xadmin/js/xadmin.main.js HTTP/1.1" 304 0
INFO 2020-07-08 22:23:01,240 basehttp 124 "GET /static/xadmin/js/xadmin.plugin.portal.js HTTP/1.1" 304 0
INFO 2020-07-08 22:23:28,653 basehttp 124 "GET /xadmin/ HTTP/1.1" 200 14798
INFO 2020-07-08 22:23:28,735 basehttp 124 "GET /static/xadmin/vendor/jquery-ui/jquery.ui.effect.js HTTP/1.1" 200 31918
INFO 2020-07-08 22:23:28,746 basehttp 124 "GET /xadmin/jsi18n/ HTTP/1.1" 200 7684
INFO 2020-07-08 22:23:28,760 basehttp 124 "GET /static/xadmin/js/xadmin.plugin.themes.js HTTP/1.1" 200 3489
INFO 2020-07-08 22:23:32,619 basehttp 124 "GET /xadmin/home/banner/ HTTP/1.1" 200 24337
INFO 2020-07-08 22:23:32,672 basehttp 124 "GET /static/xadmin/css/xadmin.form.css HTTP/1.1" 200 3763
INFO 2020-07-08 22:23:32,689 basehttp 124 "GET /static/xadmin/js/xadmin.plugin.details.js HTTP/1.1" 200 2319
INFO 2020-07-08 22:23:32,696 basehttp 124 "GET /static/xadmin/js/xadmin.plugin.filters.js HTTP/1.1" 200 1990
INFO 2020-07-08 22:23:32,700 basehttp 124 "GET /static/xadmin/js/xadmin.plugin.bookmark.js HTTP/1.1" 200 529
INFO 2020-07-08 22:23:32,722 basehttp 124 "GET /static/xadmin/js/xadmin.page.list.js HTTP/1.1" 200 1105
INFO 2020-07-08 22:23:32,736 basehttp 124 "GET /static/xadmin/js/xadmin.page.form.js HTTP/1.1" 200 1948
INFO 2020-07-08 22:23:32,757 basehttp 124 "GET /xadmin/jsi18n/ HTTP/1.1" 200 7684
INFO 2020-07-08 22:24:19,949 basehttp 124 "GET /xadmin/home/banner/add/ HTTP/1.1" 200 19873
INFO 2020-07-08 22:24:19,980 basehttp 124 "GET /static/xadmin/vendor/bootstrap-image-gallery/css/bootstrap-image-gallery.css HTTP/1.1" 200 3339
INFO 2020-07-08 22:24:20,012 basehttp 124 "GET /static/xadmin/vendor/load-image/load-image.js HTTP/1.1" 200 8309
INFO 2020-07-08 22:24:20,016 basehttp 124 "GET /xadmin/jsi18n/ HTTP/1.1" 200 7684
INFO 2020-07-08 22:24:20,024 basehttp 124 "GET /static/xadmin/vendor/bootstrap-image-gallery/js/bootstrap-image-gallery.js HTTP/1.1" 200 15611
INFO 2020-07-08 22:25:35,490 basehttp 124 "POST /xadmin/home/banner/add/ HTTP/1.1" 302 0
INFO 2020-07-08 22:25:35,624 basehttp 124 "GET /xadmin/home/banner/add/ HTTP/1.1" 200 20219
INFO 2020-07-08 22:25:35,741 basehttp 124 "GET /static/xadmin/css/themes/bootstrap-xadmin.css HTTP/1.1" 304 0
INFO 2020-07-08 22:25:35,746 basehttp 124 "GET /static/xadmin/vendor/bootstrap/css/bootstrap.css HTTP/1.1" 304 0
INFO 2020-07-08 22:25:35,750 basehttp 124 "GET /static/xadmin/vendor/font-awesome/css/font-awesome.css HTTP/1.1" 304 0
INFO 2020-07-08 22:25:35,770 basehttp 124 "GET /static/xadmin/css/xadmin.main.css HTTP/1.1" 304 0
INFO 2020-07-08 22:25:35,780 basehttp 124 "GET /static/xadmin/css/xadmin.responsive.css HTTP/1.1" 304 0
INFO 2020-07-08 22:25:35,782 basehttp 124 "GET /static/xadmin/css/xadmin.form.css HTTP/1.1" 304 0
INFO 2020-07-08 22:25:35,782 basehttp 124 "GET /static/xadmin/css/xadmin.plugins.css HTTP/1.1" 304 0
INFO 2020-07-08 22:25:35,806 basehttp 124 "GET /xadmin/jsi18n/ HTTP/1.1" 200 7684
INFO 2020-07-08 22:25:35,808 basehttp 124 "GET /static/xadmin/vendor/jquery-ui/jquery.ui.core.js HTTP/1.1" 304 0
INFO 2020-07-08 22:25:35,824 basehttp 124 "GET /static/xadmin/vendor/jquery-ui/jquery.ui.widget.js HTTP/1.1" 304 0
INFO 2020-07-08 22:25:35,825 basehttp 124 "GET /static/xadmin/vendor/jquery-ui/jquery.ui.sortable.js HTTP/1.1" 304 0
INFO 2020-07-08 22:25:35,844 basehttp 124 "GET /static/xadmin/js/xadmin.responsive.js HTTP/1.1" 304 0
INFO 2020-07-08 22:25:35,846 basehttp 124 "GET /static/xadmin/vendor/bootstrap/js/bootstrap.js HTTP/1.1" 304 0
INFO 2020-07-08 22:25:35,846 basehttp 124 "GET /static/xadmin/js/xadmin.main.js HTTP/1.1" 304 0
INFO 2020-07-08 22:25:35,849 basehttp 124 "GET /static/xadmin/vendor/jquery-ui/jquery.ui.effect.js HTTP/1.1" 304 0
INFO 2020-07-08 22:25:35,859 basehttp 124 "GET /static/xadmin/js/xadmin.plugin.themes.js HTTP/1.1" 304 0
INFO 2020-07-08 22:25:35,864 basehttp 124 "GET /static/xadmin/js/xadmin.plugin.portal.js HTTP/1.1" 304 0
INFO 2020-07-08 22:25:35,879 basehttp 124 "GET /static/xadmin/js/xadmin.page.form.js HTTP/1.1" 304 0
INFO 2020-07-08 22:25:35,880 basehttp 124 "GET /static/xadmin/vendor/jquery/jquery.js HTTP/1.1" 304 0
INFO 2020-07-08 22:25:35,890 basehttp 124 "GET /static/xadmin/vendor/jquery-ui/jquery.ui.mouse.js HTTP/1.1" 304 0
INFO 2020-07-08 22:26:16,657 basehttp 124 "POST /xadmin/home/banner/add/ HTTP/1.1" 302 0
INFO 2020-07-08 22:26:16,809 basehttp 124 "GET /xadmin/home/banner/add/ HTTP/1.1" 200 20225
INFO 2020-07-08 22:26:16,879 basehttp 124 "GET /static/xadmin/vendor/bootstrap-image-gallery/js/bootstrap-image-gallery.js HTTP/1.1" 304 0
INFO 2020-07-08 22:26:16,886 basehttp 124 "GET /static/xadmin/vendor/bootstrap-image-gallery/css/bootstrap-image-gallery.css HTTP/1.1" 304 0
INFO 2020-07-08 22:26:16,890 basehttp 124 "GET /static/xadmin/vendor/load-image/load-image.js HTTP/1.1" 304 0
INFO 2020-07-08 22:26:16,893 basehttp 124 "GET /xadmin/jsi18n/ HTTP/1.1" 200 7684
INFO 2020-07-08 22:26:34,654 basehttp 124 "POST /xadmin/home/banner/add/ HTTP/1.1" 302 0
INFO 2020-07-08 22:26:34,870 basehttp 124 "GET /xadmin/home/banner/ HTTP/1.1" 200 29554
INFO 2020-07-08 22:26:35,002 basehttp 124 "GET /static/xadmin/js/xadmin.plugin.actions.js HTTP/1.1" 200 4198
INFO 2020-07-08 22:26:35,005 basehttp 124 "GET /static/xadmin/js/xadmin.plugin.details.js HTTP/1.1" 304 0
INFO 2020-07-08 22:26:35,016 basehttp 124 "GET /static/xadmin/js/xadmin.plugin.bookmark.js HTTP/1.1" 304 0
INFO 2020-07-08 22:26:35,026 basehttp 124 "GET /xadmin/jsi18n/ HTTP/1.1" 200 7684
INFO 2020-07-08 22:26:35,032 basehttp 124 "GET /static/xadmin/js/xadmin.page.list.js HTTP/1.1" 304 0
INFO 2020-07-08 22:26:35,038 basehttp 124 "GET /static/xadmin/js/xadmin.plugin.filters.js HTTP/1.1" 304 0
INFO 2020-07-08 22:27:43,431 basehttp 124 "GET /xadmin/home/nav/ HTTP/1.1" 200 24900
INFO 2020-07-08 22:27:43,517 basehttp 124 "GET /static/xadmin/vendor/bootstrap/css/bootstrap.css HTTP/1.1" 304 0
INFO 2020-07-08 22:27:43,525 basehttp 124 "GET /static/xadmin/css/themes/bootstrap-xadmin.css HTTP/1.1" 304 0
INFO 2020-07-08 22:27:43,551 basehttp 124 "GET /static/xadmin/vendor/font-awesome/css/font-awesome.css HTTP/1.1" 304 0
INFO 2020-07-08 22:27:43,560 basehttp 124 "GET /static/xadmin/css/xadmin.main.css HTTP/1.1" 304 0
INFO 2020-07-08 22:27:43,581 basehttp 124 "GET /static/xadmin/css/xadmin.plugins.css HTTP/1.1" 304 0
INFO 2020-07-08 22:27:43,582 basehttp 124 "GET /static/xadmin/css/xadmin.responsive.css HTTP/1.1" 304 0
INFO 2020-07-08 22:27:43,587 basehttp 124 "GET /static/xadmin/css/xadmin.form.css HTTP/1.1" 304 0
INFO 2020-07-08 22:27:43,590 basehttp 124 "GET /static/xadmin/vendor/jquery/jquery.js HTTP/1.1" 304 0
INFO 2020-07-08 22:27:43,614 basehttp 124 "GET /static/xadmin/vendor/jquery-ui/jquery.ui.core.js HTTP/1.1" 304 0
INFO 2020-07-08 22:27:43,623 basehttp 124 "GET /static/xadmin/vendor/jquery-ui/jquery.ui.widget.js HTTP/1.1" 304 0
INFO 2020-07-08 22:27:43,658 basehttp 124 "GET /static/xadmin/vendor/jquery-ui/jquery.ui.mouse.js HTTP/1.1" 304 0
INFO 2020-07-08 22:27:43,679 basehttp 124 "GET /static/xadmin/vendor/jquery-ui/jquery.ui.sortable.js HTTP/1.1" 304 0
INFO 2020-07-08 22:27:43,699 basehttp 124 "GET /static/xadmin/vendor/bootstrap/js/bootstrap.js HTTP/1.1" 304 0
INFO 2020-07-08 22:27:43,719 basehttp 124 "GET /static/xadmin/js/xadmin.main.js HTTP/1.1" 304 0
INFO 2020-07-08 22:27:43,748 basehttp 124 "GET /static/xadmin/js/xadmin.responsive.js HTTP/1.1" 304 0
INFO 2020-07-08 22:27:43,756 basehttp 124 "GET /static/xadmin/vendor/jquery-ui/jquery.ui.effect.js HTTP/1.1" 304 0
INFO 2020-07-08 22:27:43,758 basehttp 124 "GET /static/xadmin/js/xadmin.plugin.themes.js HTTP/1.1" 304 0
INFO 2020-07-08 22:27:43,774 basehttp 124 "GET /static/xadmin/js/xadmin.page.form.js HTTP/1.1" 304 0
INFO 2020-07-08 22:27:43,779 basehttp 124 "GET /xadmin/jsi18n/ HTTP/1.1" 200 7684
INFO 2020-07-08 22:27:45,587 basehttp 124 "GET /xadmin/home/nav/add/ HTTP/1.1" 200 19189
INFO 2020-07-08 22:27:45,625 basehttp 124 "GET /static/xadmin/vendor/select2/select2.css HTTP/1.1" 200 19226
INFO 2020-07-08 22:27:45,636 basehttp 124 "GET /static/xadmin/vendor/selectize/selectize.css HTTP/1.1" 200 8425
INFO 2020-07-08 22:27:45,667 basehttp 124 "GET /static/xadmin/vendor/selectize/selectize.bootstrap3.css HTTP/1.1" 200 10602
INFO 2020-07-08 22:27:45,702 basehttp 124 "GET /xadmin/jsi18n/ HTTP/1.1" 200 7684
INFO 2020-07-08 22:27:45,705 basehttp 124 "GET /static/xadmin/js/xadmin.plugin.portal.js HTTP/1.1" 304 0
INFO 2020-07-08 22:27:45,706 basehttp 124 "GET /static/xadmin/vendor/select2/select2_locale_zh-hans.js HTTP/1.1" 200 694
INFO 2020-07-08 22:27:45,713 basehttp 124 "GET /static/xadmin/vendor/selectize/selectize.js HTTP/1.1" 200 98602
INFO 2020-07-08 22:27:45,724 basehttp 124 "GET /static/xadmin/vendor/select2/select2.js HTTP/1.1" 200 104906
INFO 2020-07-08 22:27:45,786 basehttp 124 "GET /static/xadmin/js/xadmin.widget.select.js HTTP/1.1" 200 1344
INFO 2020-07-08 22:28:45,428 basehttp 124 "POST /xadmin/home/nav/add/ HTTP/1.1" 302 0
INFO 2020-07-08 22:28:45,620 basehttp 124 "GET /xadmin/home/nav/add/ HTTP/1.1" 200 19536
INFO 2020-07-08 22:28:45,745 basehttp 124 "GET /xadmin/jsi18n/ HTTP/1.1" 200 7684
INFO 2020-07-08 22:29:01,305 basehttp 124 "POST /xadmin/home/nav/add/ HTTP/1.1" 302 0
INFO 2020-07-08 22:29:01,851 basehttp 124 "GET /xadmin/home/nav/add/ HTTP/1.1" 200 19541
INFO 2020-07-08 22:29:01,923 basehttp 124 "GET /xadmin/jsi18n/ HTTP/1.1" 200 7684
INFO 2020-07-08 22:29:14,057 basehttp 124 "POST /xadmin/home/nav/add/ HTTP/1.1" 302 0
INFO 2020-07-08 22:29:14,293 basehttp 124 "GET /xadmin/home/nav/ HTTP/1.1" 200 30109
INFO 2020-07-08 22:29:14,366 basehttp 124 "GET /static/xadmin/js/xadmin.plugin.details.js HTTP/1.1" 304 0
INFO 2020-07-08 22:29:14,382 basehttp 124 "GET /xadmin/jsi18n/ HTTP/1.1" 200 7684
INFO 2020-07-08 22:29:14,396 basehttp 124 "GET /static/xadmin/js/xadmin.plugin.bookmark.js HTTP/1.1" 304 0
INFO 2020-07-08 22:29:14,401 basehttp 124 "GET /static/xadmin/js/xadmin.plugin.filters.js HTTP/1.1" 304 0
INFO 2020-07-08 22:29:14,405 basehttp 124 "GET /static/xadmin/js/xadmin.plugin.actions.js HTTP/1.1" 304 0
INFO 2020-07-08 22:29:14,407 basehttp 124 "GET /static/xadmin/js/xadmin.page.list.js HTTP/1.1" 304 0
INFO 2020-07-08 22:29:16,632 basehttp 124 "GET /xadmin/home/nav/add/ HTTP/1.1" 200 19189
INFO 2020-07-08 22:29:16,682 basehttp 124 "GET /xadmin/jsi18n/ HTTP/1.1" 200 7684
INFO 2020-07-08 22:29:34,889 basehttp 124 "POST /xadmin/home/nav/add/ HTTP/1.1" 302 0
INFO 2020-07-08 22:29:35,083 basehttp 124 "GET /xadmin/home/nav/add/ HTTP/1.1" 200 19541
INFO 2020-07-08 22:29:35,432 basehttp 124 "GET /xadmin/jsi18n/ HTTP/1.1" 200 7684
INFO 2020-07-08 22:29:44,322 basehttp 124 "POST /xadmin/home/nav/add/ HTTP/1.1" 302 0
INFO 2020-07-08 22:29:44,610 basehttp 124 "GET /xadmin/home/nav/ HTTP/1.1" 200 31294
INFO 2020-07-08 22:29:44,760 basehttp 124 "GET /static/xadmin/css/themes/bootstrap-xadmin.css HTTP/1.1" 304 0
INFO 2020-07-08 22:29:44,765 basehttp 124 "GET /static/xadmin/vendor/font-awesome/css/font-awesome.css HTTP/1.1" 304 0
INFO 2020-07-08 22:29:44,768 basehttp 124 "GET /static/xadmin/vendor/bootstrap/css/bootstrap.css HTTP/1.1" 304 0
INFO 2020-07-08 22:29:44,796 basehttp 124 "GET /static/xadmin/css/xadmin.main.css HTTP/1.1" 304 0
INFO 2020-07-08 22:29:44,800 basehttp 124 "GET /static/xadmin/css/xadmin.responsive.css HTTP/1.1" 304 0
INFO 2020-07-08 22:29:44,801 basehttp 124 "GET /static/xadmin/css/xadmin.plugins.css HTTP/1.1" 304 0
INFO 2020-07-08 22:29:44,817 basehttp 124 "GET /static/xadmin/vendor/jquery/jquery.js HTTP/1.1" 304 0
INFO 2020-07-08 22:29:44,817 basehttp 124 "GET /static/xadmin/css/xadmin.form.css HTTP/1.1" 304 0
INFO 2020-07-08 22:29:44,896 basehttp 124 "GET /static/xadmin/vendor/jquery-ui/jquery.ui.mouse.js HTTP/1.1" 304 0
INFO 2020-07-08 22:29:44,898 basehttp 124 "GET /static/xadmin/vendor/jquery-ui/jquery.ui.widget.js HTTP/1.1" 304 0
INFO 2020-07-08 22:29:44,908 basehttp 124 "GET /xadmin/jsi18n/ HTTP/1.1" 200 7684
INFO 2020-07-08 22:29:44,927 basehttp 124 "GET /static/xadmin/vendor/jquery-ui/jquery.ui.sortable.js HTTP/1.1" 304 0
INFO 2020-07-08 22:29:45,000 basehttp 124 "GET /static/xadmin/js/xadmin.main.js HTTP/1.1" 304 0
INFO 2020-07-08 22:29:45,000 basehttp 124 "GET /static/xadmin/vendor/bootstrap/js/bootstrap.js HTTP/1.1" 304 0
INFO 2020-07-08 22:29:45,028 basehttp 124 "GET /static/xadmin/js/xadmin.responsive.js HTTP/1.1" 304 0
INFO 2020-07-08 22:29:45,038 basehttp 124 "GET /static/xadmin/vendor/jquery-ui/jquery.ui.effect.js HTTP/1.1" 304 0
INFO 2020-07-08 22:29:45,050 basehttp 124 "GET /static/xadmin/js/xadmin.plugin.themes.js HTTP/1.1" 304 0
INFO 2020-07-08 22:29:45,053 basehttp 124 "GET /static/xadmin/js/xadmin.page.form.js HTTP/1.1" 304 0
INFO 2020-07-08 22:29:45,066 basehttp 124 "GET /static/xadmin/vendor/jquery-ui/jquery.ui.core.js HTTP/1.1" 304 0
INFO 2020-07-08 22:29:59,058 basehttp 124 "GET /home/banner/ HTTP/1.1" 200 261
INFO 2020-07-08 22:32:37,379 basehttp 124 "GET /home/banner HTTP/1.1" 301 0
INFO 2020-07-08 22:32:37,507 basehttp 124 "GET /home/banner/ HTTP/1.1" 200 6124
INFO 2020-07-08 22:32:37,721 basehttp 124 "GET /static/rest_framework/css/bootstrap-tweaks.css HTTP/1.1" 200 3385
INFO 2020-07-08 22:32:37,726 basehttp 124 "GET /static/rest_framework/css/default.css HTTP/1.1" 200 1131
INFO 2020-07-08 22:32:37,730 basehttp 124 "GET /static/rest_framework/css/prettify.css HTTP/1.1" 200 817
INFO 2020-07-08 22:32:37,741 basehttp 124 "GET /static/rest_framework/js/ajax-form.js HTTP/1.1" 200 3597
INFO 2020-07-08 22:32:37,804 basehttp 124 "GET /static/rest_framework/js/default.js HTTP/1.1" 200 1268
INFO 2020-07-08 22:32:37,814 basehttp 124 "GET /static/rest_framework/css/bootstrap.min.css HTTP/1.1" 200 121457
INFO 2020-07-08 22:32:37,864 basehttp 124 "GET /static/rest_framework/js/jquery-3.4.1.min.js HTTP/1.1" 200 88145
INFO 2020-07-08 22:32:37,908 basehttp 124 "GET /static/rest_framework/js/bootstrap.min.js HTTP/1.1" 200 37608
INFO 2020-07-08 22:32:37,938 basehttp 124 "GET /static/rest_framework/js/csrf.js HTTP/1.1" 200 1719
INFO 2020-07-08 22:32:37,939 basehttp 124 "GET /static/rest_framework/js/prettify-min.js HTTP/1.1" 200 13632
INFO 2020-07-08 22:32:38,004 basehttp 124 "GET /static/rest_framework/img/grid.png HTTP/1.1" 200 1458
INFO 2020-07-08 22:32:43,719 basehttp 124 "GET /media/banner/03.png HTTP/1.1" 200 745382
INFO 2020-07-08 22:33:51,640 basehttp 124 "GET /home/banner/ HTTP/1.1" 200 261
INFO 2020-07-08 22:34:45,104 basehttp 124 "GET /home/banner/ HTTP/1.1" 200 261
INFO 2020-07-08 22:35:12,623 basehttp 124 "GET /home/banner/ HTTP/1.1" 200 261
INFO 2020-07-08 22:35:39,264 basehttp 124 "GET /home/banner/ HTTP/1.1" 200 261
INFO 2020-07-08 22:36:39,966 basehttp 124 "GET /home/banner/ HTTP/1.1" 200 261
INFO 2020-07-08 22:43:14,130 basehttp 124 "GET /home/banner/ HTTP/1.1" 200 261
INFO 2020-07-08 22:47:02,368 basehttp 124 "GET /home/banner/ HTTP/1.1" 200 261
INFO 2020-07-08 22:48:49,478 basehttp 124 "GET /home/banner/ HTTP/1.1" 200 261
INFO 2020-07-08 22:49:09,015 basehttp 124 "GET /home/banner/ HTTP/1.1" 200 261
INFO 2020-07-08 22:49:56,215 basehttp 124 "GET /home/banner/ HTTP/1.1" 200 261
INFO 2020-07-08 22:50:55,926 basehttp 124 "GET /home/banner/ HTTP/1.1" 200 261
INFO 2020-07-08 22:52:50,439 basehttp 124 "GET /home/banner/ HTTP/1.1" 200 261
INFO 2020-07-08 22:53:19,292 basehttp 124 "GET /home/banner/ HTTP/1.1" 200 261
INFO 2020-07-08 22:54:03,206 basehttp 124 "GET /home/banner/ HTTP/1.1" 200 261
INFO 2020-07-08 22:57:04,702 basehttp 124 "GET /home/banner/ HTTP/1.1" 200 261
INFO 2020-07-08 22:57:04,800 basehttp 124 "GET /media/banner/03.png HTTP/1.1" 304 0
INFO 2020-07-08 22:57:04,826 basehttp 124 "GET /media/banner/02.png HTTP/1.1" 200 364808
INFO 2020-07-08 22:57:05,028 basehttp 124 "GET /media/banner/01.png HTTP/1.1" 200 737783
INFO 2020-07-08 22:58:11,889 basehttp 124 "GET /xadmin/home/nav/5/update/ HTTP/1.1" 200 19513
INFO 2020-07-08 22:58:14,021 basehttp 124 "GET /static/xadmin/vendor/jquery/jquery.js HTTP/1.1" 304 0
INFO 2020-07-08 22:58:14,088 basehttp 124 "GET /static/xadmin/css/xadmin.main.css HTTP/1.1" 304 0
INFO 2020-07-08 22:58:14,155 basehttp 124 "GET /static/xadmin/css/xadmin.responsive.css HTTP/1.1" 304 0
INFO 2020-07-08 22:58:14,198 basehttp 124 "GET /static/xadmin/vendor/selectize/selectize.css HTTP/1.1" 304 0
INFO 2020-07-08 22:58:14,232 basehttp 124 "GET /static/xadmin/vendor/bootstrap/css/bootstrap.css HTTP/1.1" 304 0
INFO 2020-07-08 22:58:14,237 basehttp 124 "GET /static/xadmin/vendor/selectize/selectize.bootstrap3.css HTTP/1.1" 304 0
INFO 2020-07-08 22:58:14,286 basehttp 124 "GET /static/xadmin/css/themes/bootstrap-xadmin.css HTTP/1.1" 304 0
INFO 2020-07-08 22:58:14,288 basehttp 124 "GET /static/xadmin/vendor/font-awesome/css/font-awesome.css HTTP/1.1" 304 0
INFO 2020-07-08 22:58:14,339 basehttp 124 "GET /static/xadmin/css/xadmin.form.css HTTP/1.1" 304 0
INFO 2020-07-08 22:58:14,344 basehttp 124 "GET /static/xadmin/vendor/select2/select2.css HTTP/1.1" 304 0
INFO 2020-07-08 22:58:14,345 basehttp 124 "GET /static/xadmin/css/xadmin.plugins.css HTTP/1.1" 304 0
INFO 2020-07-08 22:58:14,395 basehttp 124 "GET /xadmin/jsi18n/ HTTP/1.1" 200 7684
INFO 2020-07-08 22:58:14,400 basehttp 124 "GET /static/xadmin/vendor/jquery-ui/jquery.ui.core.js HTTP/1.1" 304 0
INFO 2020-07-08 22:58:14,406 basehttp 124 "GET /static/xadmin/vendor/jquery-ui/jquery.ui.widget.js HTTP/1.1" 304 0
INFO 2020-07-08 22:58:14,465 basehttp 124 "GET /static/xadmin/vendor/jquery-ui/jquery.ui.sortable.js HTTP/1.1" 304 0
INFO 2020-07-08 22:58:14,494 basehttp 124 "GET /static/xadmin/js/xadmin.responsive.js HTTP/1.1" 304 0
INFO 2020-07-08 22:58:14,537 basehttp 124 "GET /static/xadmin/vendor/bootstrap/js/bootstrap.js HTTP/1.1" 304 0
INFO 2020-07-08 22:58:14,575 basehttp 124 "GET /static/xadmin/js/xadmin.plugin.portal.js HTTP/1.1" 304 0
INFO 2020-07-08 22:58:14,652 basehttp 124 "GET /static/xadmin/vendor/selectize/selectize.js HTTP/1.1" 304 0
INFO 2020-07-08 22:58:14,745 basehttp 124 "GET /static/xadmin/js/xadmin.page.form.js HTTP/1.1" 304 0
INFO 2020-07-08 22:58:14,832 basehttp 124 "GET /static/xadmin/js/xadmin.main.js HTTP/1.1" 304 0
INFO 2020-07-08 22:58:14,926 basehttp 124 "GET /static/xadmin/js/xadmin.plugin.themes.js HTTP/1.1" 304 0
INFO 2020-07-08 22:58:14,999 basehttp 124 "GET /static/xadmin/vendor/jquery-ui/jquery.ui.mouse.js HTTP/1.1" 304 0
INFO 2020-07-08 22:58:15,014 basehttp 124 "GET /static/xadmin/vendor/select2/select2_locale_zh-hans.js HTTP/1.1" 304 0
INFO 2020-07-08 22:58:15,106 basehttp 124 "GET /static/xadmin/vendor/font-awesome/fonts/fontawesome-webfont.woff?v=4.0.3 HTTP/1.1" 304 0
INFO 2020-07-08 22:58:15,128 basehttp 124 "GET /static/xadmin/vendor/jquery-ui/jquery.ui.effect.js HTTP/1.1" 304 0
INFO 2020-07-08 22:58:15,180 basehttp 124 "GET /static/xadmin/vendor/select2/select2.js HTTP/1.1" 304 0
INFO 2020-07-08 22:58:15,238 basehttp 124 "GET /static/xadmin/js/xadmin.widget.select.js HTTP/1.1" 304 0
INFO 2020-07-08 23:12:21,078 basehttp 124 "GET /home/banner/ HTTP/1.1" 200 261
INFO 2020-07-08 23:12:21,144 basehttp 124 "GET /media/banner/03.png HTTP/1.1" 304 0
INFO 2020-07-08 23:12:21,187 basehttp 124 "GET /media/banner/02.png HTTP/1.1" 304 0
INFO 2020-07-08 23:12:21,245 basehttp 124 "GET /media/banner/01.png HTTP/1.1" 304 0
INFO 2020-07-08 23:16:13,656 basehttp 124 "GET /home/banner/ HTTP/1.1" 200 261
INFO 2020-07-08 23:19:11,684 basehttp 124 "GET /home/banner/ HTTP/1.1" 200 261
INFO 2020-07-08 23:19:11,716 basehttp 124 "GET /media/banner/03.png HTTP/1.1" 304 0
INFO 2020-07-08 23:19:11,735 basehttp 124 "GET /media/banner/02.png HTTP/1.1" 304 0
INFO 2020-07-08 23:19:11,747 basehttp 124 "GET /media/banner/01.png HTTP/1.1" 304 0
INFO 2020-07-08 23:20:48,436 basehttp 124 "GET /home/nav/ HTTP/1.1" 200 344
INFO 2020-07-08 23:20:48,471 basehttp 124 "GET /home/banner/ HTTP/1.1" 200 261
INFO 2020-07-08 23:26:00,630 basehttp 124 "GET /home/nav/ HTTP/1.1" 200 344
INFO 2020-07-08 23:26:00,644 basehttp 124 "GET /home/banner/ HTTP/1.1" 200 261
INFO 2020-07-08 23:26:00,688 basehttp 124 "GET /media/banner/03.png HTTP/1.1" 304 0
INFO 2020-07-08 23:26:00,696 basehttp 124 "GET /media/banner/02.png HTTP/1.1" 304 0
INFO 2020-07-08 23:26:00,707 basehttp 124 "GET /media/banner/01.png HTTP/1.1" 304 0
INFO 2020-07-08 23:27:00,240 basehttp 124 "GET /home/nav/ HTTP/1.1" 200 344
INFO 2020-07-08 23:27:00,266 basehttp 124 "GET /home/banner/ HTTP/1.1" 200 261
INFO 2020-07-08 23:28:22,139 basehttp 124 "GET /home/nav/ HTTP/1.1" 200 344
INFO 2020-07-08 23:28:22,141 basehttp 124 "GET /home/banner/ HTTP/1.1" 200 261
INFO 2020-07-08 23:30:36,983 basehttp 124 "GET /home/banner/ HTTP/1.1" 200 261
INFO 2020-07-08 23:30:36,986 basehttp 124 "GET /home/nav/ HTTP/1.1" 200 344
INFO 2020-07-08 23:30:47,959 basehttp 124 "POST /xadmin/home/nav/5/update/ HTTP/1.1" 302 0
INFO 2020-07-08 23:30:50,063 basehttp 124 "GET /xadmin/home/nav/ HTTP/1.1" 200 31240
INFO 2020-07-08 23:30:50,157 basehttp 124 "GET /static/xadmin/vendor/bootstrap/css/bootstrap.css HTTP/1.1" 304 0
INFO 2020-07-08 23:30:50,160 basehttp 124 "GET /static/xadmin/css/themes/bootstrap-xadmin.css HTTP/1.1" 304 0
INFO 2020-07-08 23:30:50,182 basehttp 124 "GET /static/xadmin/vendor/font-awesome/css/font-awesome.css HTTP/1.1" 304 0
INFO 2020-07-08 23:30:50,184 basehttp 124 "GET /static/xadmin/css/xadmin.plugins.css HTTP/1.1" 304 0
INFO 2020-07-08 23:30:50,188 basehttp 124 "GET /static/xadmin/css/xadmin.main.css HTTP/1.1" 304 0
INFO 2020-07-08 23:30:50,198 basehttp 124 "GET /static/xadmin/css/xadmin.form.css HTTP/1.1" 304 0
INFO 2020-07-08 23:30:50,202 basehttp 124 "GET /static/xadmin/css/xadmin.responsive.css HTTP/1.1" 304 0
INFO 2020-07-08 23:30:50,216 basehttp 124 "GET /static/xadmin/vendor/jquery/jquery.js HTTP/1.1" 304 0
INFO 2020-07-08 23:30:50,232 basehttp 124 "GET /static/xadmin/vendor/jquery-ui/jquery.ui.widget.js HTTP/1.1" 304 0
INFO 2020-07-08 23:30:50,234 basehttp 124 "GET /static/xadmin/vendor/jquery-ui/jquery.ui.core.js HTTP/1.1" 304 0
INFO 2020-07-08 23:30:50,252 basehttp 124 "GET /static/xadmin/vendor/bootstrap/js/bootstrap.js HTTP/1.1" 304 0
INFO 2020-07-08 23:30:50,254 basehttp 124 "GET /static/xadmin/vendor/jquery-ui/jquery.ui.mouse.js HTTP/1.1" 304 0
INFO 2020-07-08 23:30:50,258 basehttp 124 "GET /static/xadmin/vendor/jquery-ui/jquery.ui.sortable.js HTTP/1.1" 304 0
INFO 2020-07-08 23:30:50,296 basehttp 124 "GET /static/xadmin/js/xadmin.main.js HTTP/1.1" 304 0
INFO 2020-07-08 23:30:50,308 basehttp 124 "GET /static/xadmin/js/xadmin.responsive.js HTTP/1.1" 304 0
INFO 2020-07-08 23:30:50,329 basehttp 124 "GET /static/xadmin/vendor/jquery-ui/jquery.ui.effect.js HTTP/1.1" 304 0
INFO 2020-07-08 23:30:50,348 basehttp 124 "GET /static/xadmin/js/xadmin.plugin.details.js HTTP/1.1" 304 0
INFO 2020-07-08 23:30:50,357 basehttp 124 "GET /static/xadmin/js/xadmin.plugin.bookmark.js HTTP/1.1" 304 0
INFO 2020-07-08 23:30:50,360 basehttp 124 "GET /static/xadmin/js/xadmin.plugin.filters.js HTTP/1.1" 304 0
INFO 2020-07-08 23:30:50,409 basehttp 124 "GET /static/xadmin/js/xadmin.page.list.js HTTP/1.1" 304 0
INFO 2020-07-08 23:30:50,421 basehttp 124 "GET /static/xadmin/js/xadmin.plugin.actions.js HTTP/1.1" 304 0
INFO 2020-07-08 23:30:50,422 basehttp 124 "GET /static/xadmin/js/xadmin.plugin.themes.js HTTP/1.1" 304 0
INFO 2020-07-08 23:30:50,430 basehttp 124 "GET /static/xadmin/js/xadmin.page.form.js HTTP/1.1" 304 0
INFO 2020-07-08 23:30:50,439 basehttp 124 "GET /xadmin/jsi18n/ HTTP/1.1" 200 7684
INFO 2020-07-08 23:30:50,491 basehttp 124 "GET /static/xadmin/vendor/font-awesome/fonts/fontawesome-webfont.woff?v=4.0.3 HTTP/1.1" 304 0
INFO 2020-07-08 23:30:54,298 basehttp 124 "GET /home/nav/ HTTP/1.1" 200 347
INFO 2020-07-08 23:30:54,309 basehttp 124 "GET /home/banner/ HTTP/1.1" 200 261
INFO 2020-07-08 23:31:05,001 basehttp 124 "GET /xadmin/home/nav/5/update/ HTTP/1.1" 200 19525
INFO 2020-07-08 23:31:05,073 basehttp 124 "GET /static/xadmin/vendor/select2/select2.css HTTP/1.1" 304 0
INFO 2020-07-08 23:31:05,123 basehttp 124 "GET /static/xadmin/vendor/selectize/selectize.css HTTP/1.1" 304 0
INFO 2020-07-08 23:31:05,142 basehttp 124 "GET /static/xadmin/vendor/selectize/selectize.bootstrap3.css HTTP/1.1" 304 0
INFO 2020-07-08 23:31:05,177 basehttp 124 "GET /xadmin/jsi18n/ HTTP/1.1" 200 7684
INFO 2020-07-08 23:31:05,186 basehttp 124 "GET /static/xadmin/js/xadmin.plugin.portal.js HTTP/1.1" 304 0
INFO 2020-07-08 23:31:05,218 basehttp 124 "GET /static/xadmin/vendor/selectize/selectize.js HTTP/1.1" 304 0
INFO 2020-07-08 23:31:05,252 basehttp 124 "GET /static/xadmin/vendor/select2/select2.js HTTP/1.1" 304 0
INFO 2020-07-08 23:31:05,271 basehttp 124 "GET /static/xadmin/vendor/select2/select2_locale_zh-hans.js HTTP/1.1" 304 0
INFO 2020-07-08 23:31:05,284 basehttp 124 "GET /static/xadmin/js/xadmin.widget.select.js HTTP/1.1" 304 0
INFO 2020-07-08 23:31:09,038 basehttp 124 "POST /xadmin/home/nav/5/update/ HTTP/1.1" 302 0
INFO 2020-07-08 23:31:09,371 basehttp 124 "GET /xadmin/home/nav/ HTTP/1.1" 200 31234
INFO 2020-07-08 23:31:09,504 basehttp 124 "GET /xadmin/jsi18n/ HTTP/1.1" 200 7684
INFO 2020-07-08 23:32:52,849 basehttp 124 "GET /xadmin/home/nav/add HTTP/1.1" 301 0
INFO 2020-07-08 23:32:53,243 basehttp 124 "GET /xadmin/home/nav/add/ HTTP/1.1" 200 19189
INFO 2020-07-08 23:32:53,569 basehttp 124 "GET /xadmin/jsi18n/ HTTP/1.1" 200 7684
WARNING 2020-07-08 23:32:54,571 base 93 Not Found: /favicon.ico
WARNING 2020-07-08 23:32:54,576 basehttp 124 "GET /favicon.ico HTTP/1.1" 404 2212
INFO 2020-07-08 23:32:56,573 basehttp 124 "GET /xadmin/home/nav/ HTTP/1.1" 200 30999
INFO 2020-07-08 23:32:56,625 basehttp 124 "GET /xadmin/jsi18n/ HTTP/1.1" 200 7684
INFO 2020-07-08 23:33:00,109 basehttp 124 "GET /xadmin/home/nav/add/ HTTP/1.1" 200 19189
INFO 2020-07-08 23:33:00,155 basehttp 124 "GET /xadmin/jsi18n/ HTTP/1.1" 200 7684
INFO 2020-07-08 23:34:00,813 basehttp 124 "POST /xadmin/home/nav/add/ HTTP/1.1" 302 0
INFO 2020-07-08 23:34:01,337 basehttp 124 "GET /xadmin/home/nav/ HTTP/1.1" 200 31882
INFO 2020-07-08 23:34:01,397 basehttp 124 "GET /xadmin/jsi18n/ HTTP/1.1" 200 7684
INFO 2020-07-08 23:34:05,427 basehttp 124 "GET /xadmin/home/nav/add/ HTTP/1.1" 200 19189
INFO 2020-07-08 23:34:05,577 basehttp 124 "GET /xadmin/jsi18n/ HTTP/1.1" 200 7684
INFO 2020-07-08 23:34:26,192 basehttp 124 "POST /xadmin/home/nav/add/ HTTP/1.1" 302 0
INFO 2020-07-08 23:34:26,448 basehttp 124 "GET /xadmin/home/nav/add/ HTTP/1.1" 200 19532
INFO 2020-07-08 23:34:26,492 basehttp 124 "GET /xadmin/jsi18n/ HTTP/1.1" 200 7684
INFO 2020-07-08 23:34:59,451 basehttp 124 "POST /xadmin/home/nav/add/ HTTP/1.1" 302 0
INFO 2020-07-08 23:34:59,622 basehttp 124 "GET /xadmin/home/nav/add/ HTTP/1.1" 200 19532
INFO 2020-07-08 23:34:59,905 basehttp 124 "GET /xadmin/jsi18n/ HTTP/1.1" 200 7684
INFO 2020-07-08 23:35:23,168 basehttp 124 "POST /xadmin/home/nav/add/ HTTP/1.1" 302 0
INFO 2020-07-08 23:35:23,323 basehttp 124 "GET /xadmin/home/nav/add/ HTTP/1.1" 200 19532
INFO 2020-07-08 23:35:23,421 basehttp 124 "GET /xadmin/jsi18n/ HTTP/1.1" 200 7684
INFO 2020-07-08 23:35:38,320 basehttp 124 "POST /xadmin/home/nav/add/ HTTP/1.1" 302 0
INFO 2020-07-08 23:35:38,749 basehttp 124 "GET /xadmin/home/nav/ HTTP/1.1" 200 34244
INFO 2020-07-08 23:35:38,872 basehttp 124 "GET /xadmin/jsi18n/ HTTP/1.1" 200 7684
WARNING 2020-07-08 23:35:57,960 base 93 Not Found: /
WARNING 2020-07-08 23:35:57,966 basehttp 124 "GET / HTTP/1.1" 404 2161
WARNING 2020-07-08 23:36:06,575 base 93 Not Found: /
WARNING 2020-07-08 23:36:06,577 basehttp 124 "GET / HTTP/1.1" 404 2161
WARNING 2020-07-08 23:36:06,656 base 93 Not Found: /favicon.ico
WARNING 2020-07-08 23:36:06,659 basehttp 124 "GET /favicon.ico HTTP/1.1" 404 2212
INFO 2020-07-08 23:36:18,187 basehttp 124 "GET /home/banner/ HTTP/1.1" 200 261
INFO 2020-07-08 23:36:18,189 basehttp 124 "GET /home/nav/ HTTP/1.1" 200 669
INFO 2020-07-08 23:36:18,319 basehttp 124 "GET /media/banner/03.png HTTP/1.1" 304 0
INFO 2020-07-08 23:36:18,330 basehttp 124 "GET /media/banner/02.png HTTP/1.1" 304 0
INFO 2020-07-08 23:36:18,370 basehttp 124 "GET /media/banner/01.png HTTP/1.1" 304 0
INFO 2020-07-08 23:37:14,272 basehttp 124 "GET /home/nav/ HTTP/1.1" 200 409
INFO 2020-07-08 23:37:14,275 basehttp 124 "GET /home/banner/ HTTP/1.1" 200 261
INFO 2020-07-08 23:37:53,353 basehttp 124 "GET /xadmin/home/nav/7/update/ HTTP/1.1" 200 19513
INFO 2020-07-08 23:37:53,445 basehttp 124 "GET /xadmin/jsi18n/ HTTP/1.1" 200 7684
INFO 2020-07-08 23:37:59,498 basehttp 124 "POST /xadmin/home/nav/7/update/ HTTP/1.1" 302 0
INFO 2020-07-08 23:37:59,829 basehttp 124 "GET /xadmin/home/nav/ HTTP/1.1" 200 34183
INFO 2020-07-08 23:37:59,880 basehttp 124 "GET /xadmin/jsi18n/ HTTP/1.1" 200 7684
INFO 2020-07-08 23:38:02,760 basehttp 124 "GET /home/nav/ HTTP/1.1" 200 344
INFO 2020-07-08 23:38:02,765 basehttp 124 "GET /home/banner/ HTTP/1.1" 200 261
